<?xml version="1.0" encoding="UTF-8"?>
<!-- Generated by org.testng.reporters.JUnitXMLReporter -->
<testsuite ignored="1" hostname="DESKTOP-LIRA3TL" failures="1" tests="20" name="Test" time="0.667" errors="0" timestamp="2024-05-03T23:32:42 IST">
  <testcase classname="javapackage.TestNG1" name="apple" time="0.195"/>
  <testcase classname="javapackage.TestNG1" name="bali" time="0.01"/>
  <testcase classname="javapackage.TestNG2" name="c" time="0.274"/>
  <testcase classname="javapackage.TestNG2" name="u" time="0.031"/>
  <testcase classname="javapackage.TestNG5" name="a" time="0.289"/>
  <testcase classname="javapackage.TestNG3" name="d" time="0.009"/>
  <testcase classname="javapackage.TestNG2" name="x" time="0.091"/>
  <testcase classname="javapackage.TestNG6" name="enroll" time="0.004"/>
  <testcase classname="javapackage.TestNG4" name="h" time="0.002"/>
  <testcase classname="javapackage.TestNG8" name="testcase" time="0.003"/>
  <testcase classname="javapackage.TestNG8" name="testcase1" time="0.008">
    <failure type="java.lang.AssertionError" message="expected [true] but found [false]">
      <![CDATA[java.lang.AssertionError: expected [true] but found [false]
at javapackage.TestNG8.testcase1(TestNG8.java:15)
at java.base/java.util.concurrent.ThreadPoolExecutor.runWorker(ThreadPoolExecutor.java:1136)
at java.base/java.util.concurrent.ThreadPoolExecutor$Worker.run(ThreadPoolExecutor.java:635)
at java.base/java.lang.Thread.run(Thread.java:840)
... Removed 16 stack frames]]>
    </failure>
  </testcase> <!-- testcase1 -->
  <testcase classname="javapackage.TestNG5" name="z" time="0.004"/>
  <testcase classname="javapackage.TestNG4" name="z" time="0.012"/>
  <testcase classname="javapackage.TestNG2" name="a" time="0.006"/>
  <testcase classname="javapackage.TestNG5" name="d" time="0.127">
    <skipped/>
  </testcase> <!-- d -->
  <testcase classname="javapackage.testNG7" name="signup" time="0.003"/>
  <testcase classname="javapackage.TestNG6" name="create" time="0.073"/>
  <testcase classname="javapackage.testNG7" name="login" time="0.003"/>
  <testcase classname="javapackage.TestNG2" name="b" time="0.008"/>
  <testcase classname="javapackage.TestNG2" name="z" time="0.02"/>
  <testcase classname="javapackage.TestNG5" name="b" time="0.0">
    <ignored/>
  </testcase> <!-- b -->
</testsuite> <!-- Test -->
